<?xml version="1.0" encoding="UTF-8"?>
<!-- Generated by org.testng.reporters.JUnitReportReporter -->
<testsuite skipped="1" hostname="C40BF52AGJUNC" name="com.qa.tester.putAPITest" tests="3" failures="0" timestamp="23 Jan 2019 14:02:19 GMT" time="0.888" errors="0">
  <testcase name="validateResponseTime" time="0.002" classname="com.qa.tester.putAPITest"/>
  <testcase name="validatePut" time="0.886" classname="com.qa.tester.putAPITest"/>
  <testcase name="validateRandom" classname="com.qa.tester.putAPITest">
    <skipped/>
  </testcase> <!-- validateRandom -->
</testsuite> <!-- com.qa.tester.putAPITest -->
