<?xml version="1.0" encoding="UTF-8"?>
<!-- Generated by org.testng.reporters.JUnitReportReporter -->
<testsuite skipped="0" hostname="C40BF52AGJUNC" name="com.qa.tester.sendAnEmail" tests="1" failures="0" timestamp="28 Jan 2019 10:19:48 GMT" time="21.238" errors="0">
  <testcase name="f" time="21.238" classname="com.qa.tester.sendAnEmail"/>
</testsuite> <!-- com.qa.tester.sendAnEmail -->
