<?xml version="1.0" encoding="UTF-8"?>
<!-- Generated by org.testng.reporters.JUnitReportReporter -->
<testsuite skipped="0" hostname="C40BF52AGJUNC" name="com.qa.tester.deleteAPItest" tests="1" failures="0" timestamp="23 Jan 2019 14:02:19 GMT" time="0.925" errors="0">
  <testcase name="deleteAPI" time="0.925" classname="com.qa.tester.deleteAPItest"/>
</testsuite> <!-- com.qa.tester.deleteAPItest -->
